<?xml version="1.0" encoding="UTF-8"?>
<testng-results ignored="0" total="1" passed="1" failed="0" skipped="0">
  <reporter-output>
  </reporter-output>
  <suite started-at="2024-09-05T17:48:22 IST" name="Default suite" finished-at="2024-09-05T17:48:42 IST" duration-ms="20014">
    <groups>
    </groups>
    <test started-at="2024-09-05T17:48:22 IST" name="Default test" finished-at="2024-09-05T17:48:42 IST" duration-ms="20014">
      <class name="SL_Test.TC_04_CartPageTest">
        <test-method is-config="true" signature="StartReport()[pri:0, instance:SL_Test.TC_04_CartPageTest@740773a3]" started-at="2024-09-05T17:48:21 IST" name="StartReport" finished-at="2024-09-05T17:48:22 IST" duration-ms="1160" status="PASS">
          <reporter-output>
          </reporter-output>
        </test-method> <!-- StartReport -->
        <test-method is-config="true" signature="setup()[pri:0, instance:SL_Test.TC_04_CartPageTest@740773a3]" started-at="2024-09-05T17:48:22 IST" name="setup" finished-at="2024-09-05T17:48:22 IST" duration-ms="2" status="PASS">
          <reporter-output>
          </reporter-output>
        </test-method> <!-- setup -->
        <test-method is-config="true" signature="testDetails()[pri:0, instance:SL_Test.TC_04_CartPageTest@740773a3]" started-at="2024-09-05T17:48:22 IST" name="testDetails" finished-at="2024-09-05T17:48:22 IST" duration-ms="37" status="PASS">
          <reporter-output>
          </reporter-output>
        </test-method> <!-- testDetails -->
        <test-method is-config="true" signature="start()[pri:0, instance:SL_Test.TC_04_CartPageTest@740773a3]" started-at="2024-09-05T17:48:22 IST" name="start" finished-at="2024-09-05T17:48:32 IST" duration-ms="10314" status="PASS">
          <reporter-output>
          </reporter-output>
        </test-method> <!-- start -->
        <test-method signature="TC_03_ChekoutTest()[pri:0, instance:SL_Test.TC_04_CartPageTest@740773a3]" started-at="2024-09-05T17:48:32 IST" name="TC_03_ChekoutTest" finished-at="2024-09-05T17:48:42 IST" duration-ms="9166" status="PASS">
          <reporter-output>
          </reporter-output>
        </test-method> <!-- TC_03_ChekoutTest -->
        <test-method is-config="true" signature="close()[pri:0, instance:SL_Test.TC_04_CartPageTest@740773a3]" started-at="2024-09-05T17:48:42 IST" name="close" finished-at="2024-09-05T17:48:42 IST" duration-ms="347" status="PASS">
          <reporter-output>
          </reporter-output>
        </test-method> <!-- close -->
        <test-method is-config="true" signature="endReport()[pri:0, instance:SL_Test.TC_04_CartPageTest@740773a3]" started-at="2024-09-05T17:48:42 IST" name="endReport" finished-at="2024-09-05T17:48:44 IST" duration-ms="1391" status="PASS">
          <reporter-output>
          </reporter-output>
        </test-method> <!-- endReport -->
      </class> <!-- SL_Test.TC_04_CartPageTest -->
    </test> <!-- Default test -->
  </suite> <!-- Default suite -->
</testng-results>
